# JRE version: OpenJDK Runtime Environment (11.0.7+10) (build 11.0.7+10-post-Ubuntu-2ubuntu218.04)
# Java VM: OpenJDK 64-Bit Server VM (11.0.7+10-post-Ubuntu-2ubuntu218.04, mixed mode, sharing, tiered, compressed oops, serial gc, linux-amd64)
Heap:
 def new generation   total 2432K, used 1308K [0x00000000f8000000, 0x00000000f82a0000, 0x00000000faaa0000)
  eden space 2176K,  48% used [0x00000000f8000000, 0x00000000f8107210, 0x00000000f8220000)
  from space 256K, 100% used [0x00000000f8220000, 0x00000000f8260000, 0x00000000f8260000)
  to   space 256K,   0% used [0x00000000f8260000, 0x00000000f8260000, 0x00000000f82a0000)
 tenured generation   total 5504K, used 2888K [0x00000000faaa0000, 0x00000000fb000000, 0x0000000100000000)
   the space 5504K,  52% used [0x00000000faaa0000, 0x00000000fad720f0, 0x00000000fad72200, 0x00000000fb000000)
 Metaspace       used 11233K, capacity 11785K, committed 12032K, reserved 1060864K
  class space    used 1242K, capacity 1492K, committed 1536K, reserved 1048576K
GC Heap History (12 events):
Event: 0.783 GC heap before
{Heap before GC invocations=0 (full 0):
 def new generation   total 2432K, used 2176K [0x00000000f8000000, 0x00000000f82a0000, 0x00000000faaa0000)
  eden space 2176K, 100% used [0x00000000f8000000, 0x00000000f8220000, 0x00000000f8220000)
  from space 256K,   0% used [0x00000000f8220000, 0x00000000f8220000, 0x00000000f8260000)
  to   space 256K,   0% used [0x00000000f8260000, 0x00000000f8260000, 0x00000000f82a0000)
 tenured generation   total 5504K, used 0K [0x00000000faaa0000, 0x00000000fb000000, 0x0000000100000000)
   the space 5504K,   0% used [0x00000000faaa0000, 0x00000000faaa0000, 0x00000000faaa0200, 0x00000000fb000000)
 Metaspace       used 1420K, capacity 4674K, committed 4864K, reserved 1056768K
  class space    used 149K, capacity 472K, committed 512K, reserved 1048576K
}
Event: 0.789 GC heap after
{Heap after GC invocations=1 (full 0):
 def new generation   total 2432K, used 255K [0x00000000f8000000, 0x00000000f82a0000, 0x00000000faaa0000)
  eden space 2176K,   0% used [0x00000000f8000000, 0x00000000f8000000, 0x00000000f8220000)
  from space 256K,  99% used [0x00000000f8260000, 0x00000000f829fff8, 0x00000000f82a0000)
  to   space 256K,   0% used [0x00000000f8220000, 0x00000000f8220000, 0x00000000f8260000)
 tenured generation   total 5504K, used 663K [0x00000000faaa0000, 0x00000000fb000000, 0x0000000100000000)
   the space 5504K,  12% used [0x00000000faaa0000, 0x00000000fab45c00, 0x00000000fab45c00, 0x00000000fb000000)
 Metaspace       used 1420K, capacity 4674K, committed 4864K, reserved 1056768K
  class space    used 149K, capacity 472K, committed 512K, reserved 1048576K
}
Event: 7.971 GC heap before
{Heap before GC invocations=1 (full 0):
 def new generation   total 2432K, used 2431K [0x00000000f8000000, 0x00000000f82a0000, 0x00000000faaa0000)
  eden space 2176K, 100% used [0x00000000f8000000, 0x00000000f8220000, 0x00000000f8220000)
  from space 256K,  99% used [0x00000000f8260000, 0x00000000f829fff8, 0x00000000f82a0000)
  to   space 256K,   0% used [0x00000000f8220000, 0x00000000f8220000, 0x00000000f8260000)
 tenured generation   total 5504K, used 663K [0x00000000faaa0000, 0x00000000fb000000, 0x0000000100000000)
   the space 5504K,  12% used [0x00000000faaa0000, 0x00000000fab45c00, 0x00000000fab45c00, 0x00000000fb000000)
 Metaspace       used 4082K, capacity 4897K, committed 4992K, reserved 1056768K
  class space    used 419K, capacity 554K, committed 640K, reserved 1048576K
}
Event: 7.991 GC heap after
{Heap after GC invocations=2 (full 0):
 def new generation   total 2432K, used 255K [0x00000000f8000000, 0x00000000f82a0000, 0x00000000faaa0000)
  eden space 2176K,   0% used [0x00000000f8000000, 0x00000000f8000000, 0x00000000f8220000)
  from space 256K,  99% used [0x00000000f8220000, 0x00000000f825fff8, 0x00000000f8260000)
  to   space 256K,   0% used [0x00000000f8260000, 0x00000000f8260000, 0x00000000f82a0000)
 tenured generation   total 5504K, used 1137K [0x00000000faaa0000, 0x00000000fb000000, 0x0000000100000000)
   the space 5504K,  20% used [0x00000000faaa0000, 0x00000000fabbc6e0, 0x00000000fabbc800, 0x00000000fb000000)
 Metaspace       used 4082K, capacity 4897K, committed 4992K, reserved 1056768K
  class space    used 419K, capacity 554K, committed 640K, reserved 1048576K
}
Event: 8.774 GC heap before
{Heap before GC invocations=2 (full 0):
 def new generation   total 2432K, used 2431K [0x00000000f8000000, 0x00000000f82a0000, 0x00000000faaa0000)
  eden space 2176K, 100% used [0x00000000f8000000, 0x00000000f8220000, 0x00000000f8220000)
  from space 256K,  99% used [0x00000000f8220000, 0x00000000f825fff8, 0x00000000f8260000)
  to   space 256K,   0% used [0x00000000f8260000, 0x00000000f8260000, 0x00000000f82a0000)
 tenured generation   total 5504K, used 1137K [0x00000000faaa0000, 0x00000000fb000000, 0x0000000100000000)
   the space 5504K,  20% used [0x00000000faaa0000, 0x00000000fabbc6e0, 0x00000000fabbc800, 0x00000000fb000000)
 Metaspace       used 5837K, capacity 6185K, committed 6528K, reserved 1056768K
  class space    used 677K, capacity 843K, committed 896K, reserved 1048576K
}
Event: 8.779 GC heap after
{Heap after GC invocations=3 (full 0):
 def new generation   total 2432K, used 256K [0x00000000f8000000, 0x00000000f82a0000, 0x00000000faaa0000)
  eden space 2176K,   0% used [0x00000000f8000000, 0x00000000f8000000, 0x00000000f8220000)
  from space 256K, 100% used [0x00000000f8260000, 0x00000000f82a0000, 0x00000000f82a0000)
  to   space 256K,   0% used [0x00000000f8220000, 0x00000000f8220000, 0x00000000f8260000)
 tenured generation   total 5504K, used 1559K [0x00000000faaa0000, 0x00000000fb000000, 0x0000000100000000)
   the space 5504K,  28% used [0x00000000faaa0000, 0x00000000fac25ef0, 0x00000000fac26000, 0x00000000fb000000)
 Metaspace       used 5837K, capacity 6185K, committed 6528K, reserved 1056768K
  class space    used 677K, capacity 843K, committed 896K, reserved 1048576K
}
Event: 9.482 GC heap before
{Heap before GC invocations=3 (full 0):
 def new generation   total 2432K, used 2432K [0x00000000f8000000, 0x00000000f82a0000, 0x00000000faaa0000)
  eden space 2176K, 100% used [0x00000000f8000000, 0x00000000f8220000, 0x00000000f8220000)
  from space 256K, 100% used [0x00000000f8260000, 0x00000000f82a0000, 0x00000000f82a0000)
  to   space 256K,   0% used [0x00000000f8220000, 0x00000000f8220000, 0x00000000f8260000)
 tenured generation   total 5504K, used 1559K [0x00000000faaa0000, 0x00000000fb000000, 0x0000000100000000)
   the space 5504K,  28% used [0x00000000faaa0000, 0x00000000fac25ef0, 0x00000000fac26000, 0x00000000fb000000)
 Metaspace       used 8328K, capacity 8782K, committed 8960K, reserved 1056768K
  class space    used 962K, capacity 1175K, committed 1280K, reserved 1048576K
}
Event: 9.503 GC heap after
{Heap after GC invocations=4 (full 0):
 def new generation   total 2432K, used 256K [0x00000000f8000000, 0x00000000f82a0000, 0x00000000faaa0000)
  eden space 2176K,   0% used [0x00000000f8000000, 0x00000000f8000000, 0x00000000f8220000)
  from space 256K, 100% used [0x00000000f8220000, 0x00000000f8260000, 0x00000000f8260000)
  to   space 256K,   0% used [0x00000000f8260000, 0x00000000f8260000, 0x00000000f82a0000)
 tenured generation   total 5504K, used 1952K [0x00000000faaa0000, 0x00000000fb000000, 0x0000000100000000)
   the space 5504K,  35% used [0x00000000faaa0000, 0x00000000fac88088, 0x00000000fac88200, 0x00000000fb000000)
 Metaspace       used 8328K, capacity 8782K, committed 8960K, reserved 1056768K
  class space    used 962K, capacity 1175K, committed 1280K, reserved 1048576K
}
Event: 10.488 GC heap before
{Heap before GC invocations=4 (full 0):
 def new generation   total 2432K, used 2432K [0x00000000f8000000, 0x00000000f82a0000, 0x00000000faaa0000)
  eden space 2176K, 100% used [0x00000000f8000000, 0x00000000f8220000, 0x00000000f8220000)
  from space 256K, 100% used [0x00000000f8220000, 0x00000000f8260000, 0x00000000f8260000)
  to   space 256K,   0% used [0x00000000f8260000, 0x00000000f8260000, 0x00000000f82a0000)
 tenured generation   total 5504K, used 1952K [0x00000000faaa0000, 0x00000000fb000000, 0x0000000100000000)
   the space 5504K,  35% used [0x00000000faaa0000, 0x00000000fac88088, 0x00000000fac88200, 0x00000000fb000000)
 Metaspace       used 9072K, capacity 9581K, committed 9856K, reserved 1058816K
  class space    used 1061K, capacity 1314K, committed 1408K, reserved 1048576K
}
Event: 10.501 GC heap after
{Heap after GC invocations=5 (full 0):
 def new generation   total 2432K, used 256K [0x00000000f8000000, 0x00000000f82a0000, 0x00000000faaa0000)
  eden space 2176K,   0% used [0x00000000f8000000, 0x00000000f8000000, 0x00000000f8220000)
  from space 256K, 100% used [0x00000000f8260000, 0x00000000f82a0000, 0x00000000f82a0000)
  to   space 256K,   0% used [0x00000000f8220000, 0x00000000f8220000, 0x00000000f8260000)
 tenured generation   total 5504K, used 2521K [0x00000000faaa0000, 0x00000000fb000000, 0x0000000100000000)
   the space 5504K,  45% used [0x00000000faaa0000, 0x00000000fad16518, 0x00000000fad16600, 0x00000000fb000000)
 Metaspace       used 9072K, capacity 9581K, committed 9856K, reserved 1058816K
  class space    used 1061K, capacity 1314K, committed 1408K, reserved 1048576K
}
Event: 21.788 GC heap before
{Heap before GC invocations=5 (full 0):
 def new generation   total 2432K, used 2432K [0x00000000f8000000, 0x00000000f82a0000, 0x00000000faaa0000)
  eden space 2176K, 100% used [0x00000000f8000000, 0x00000000f8220000, 0x00000000f8220000)
  from space 256K, 100% used [0x00000000f8260000, 0x00000000f82a0000, 0x00000000f82a0000)
  to   space 256K,   0% used [0x00000000f8220000, 0x00000000f8220000, 0x00000000f8260000)
 tenured generation   total 5504K, used 2521K [0x00000000faaa0000, 0x00000000fb000000, 0x0000000100000000)
   the space 5504K,  45% used [0x00000000faaa0000, 0x00000000fad16518, 0x00000000fad16600, 0x00000000fb000000)
 Metaspace       used 10805K, capacity 11333K, committed 11520K, reserved 1058816K
  class space    used 1241K, capacity 1492K, committed 1536K, reserved 1048576K
}
Event: 21.791 GC heap after
{Heap after GC invocations=6 (full 0):
 def new generation   total 2432K, used 256K [0x00000000f8000000, 0x00000000f82a0000, 0x00000000faaa0000)
  eden space 2176K,   0% used [0x00000000f8000000, 0x00000000f8000000, 0x00000000f8220000)
  from space 256K, 100% used [0x00000000f8220000, 0x00000000f8260000, 0x00000000f8260000)
  to   space 256K,   0% used [0x00000000f8260000, 0x00000000f8260000, 0x00000000f82a0000)
 tenured generation   total 5504K, used 2888K [0x00000000faaa0000, 0x00000000fb000000, 0x0000000100000000)
   the space 5504K,  52% used [0x00000000faaa0000, 0x00000000fad720f0, 0x00000000fad72200, 0x00000000fb000000)
 Metaspace       used 10805K, capacity 11333K, committed 11520K, reserved 1058816K
  class space    used 1241K, capacity 1492K, committed 1536K, reserved 1048576K
}

